[17.952203751] 2019-04-14 11:50:59,755 - INFO - launcher: Starting sanity checks
[18.949508667] 2019-04-14 11:50:59,756 - INFO - launcher: Checking for Python 3.5+
[18.949508667] 2019-04-14 11:50:59,756 - INFO - launcher: Checking console encoding
[18.949508667] 2019-04-14 11:50:59,756 - INFO - launcher: Setting console encoding to UTF-8
[18.949508667] 2019-04-14 11:50:59,756 - INFO - launcher: Ensuring we're in the right environment
[19.965410233] 2019-04-14 11:50:59,757 - INFO - launcher: Adding local bins/ folder to path
[19.965410233] 2019-04-14 11:50:59,757 - INFO - launcher: Required checks passed.
[19.965410233] 2019-04-14 11:50:59,757 - INFO - launcher: Optional checks passed.
[20.963430405] 2019-04-14 11:50:59,758 - INFO - launcher: Moving old musicbot log

######################### PRE-RUN SANITY CHECKS PASSED #########################

[0.8543701171875000] 2019-04-14 11:51:00,591 - DEBUG - musicbot.bot | In bot.py::MainThread(8340), line 213 in _setup_logging: Set logging level to INFO
[0.8543701171875000] 2019-04-14 11:51:00,591 - INFO - musicbot.bot | In bot.py::MainThread(8340), line 80 in __init__: =========== MusicBot (version 1.9.6_1) ===========
[0.8553643226623535] 2019-04-14 11:51:00,592 - INFO - musicbot.bot | In bot.py::MainThread(8340), line 86 in __init__: Loaded autoplaylist with 2531 entries
[0.855364323] launcher-INFO: Connecting
[3.8210649490356445] 2019-04-14 11:51:03,558 - DEBUG - musicbot.bot | In bot.py::MainThread(8340), line 1011 in on_ready: Connection established, ready to go.
[3.8210649490356445] 2019-04-14 11:51:03,558 - DEBUG - musicbot.bot | In bot.py::MainThread(8340), line 324 in _cache_app_info: Caching app info
[4.0404541492462158] 2019-04-14 11:51:03,777 - DEBUG - musicbot.bot | In bot.py::MainThread(8340), line 828 in _scheck_ensure_env: Ensuring data folders exist
[4.0424489974975586] 2019-04-14 11:51:03,779 - DEBUG - musicbot.bot | In bot.py::MainThread(8340), line 844 in _scheck_server_permissions: Checking server permissions
[4.0434460639953613] 2019-04-14 11:51:03,780 - DEBUG - musicbot.bot | In bot.py::MainThread(8340), line 848 in _scheck_autoplaylist: Auditing autoplaylist
[4.0434460639953613] 2019-04-14 11:51:03,780 - DEBUG - musicbot.bot | In bot.py::MainThread(8340), line 852 in _scheck_configs: Validating config
[4.0434460639953613] 2019-04-14 11:51:03,780 - DEBUG - musicbot.config | In config.py::MainThread(8340), line 155 in async_validate: Validating options...
[4.0434460639953613] 2019-04-14 11:51:03,780 - DEBUG - musicbot.bot | In bot.py::MainThread(8340), line 855 in _scheck_configs: Validating permissions config
[4.0434460639953613] 2019-04-14 11:51:03,780 - DEBUG - musicbot.permissions | In permissions.py::MainThread(8340), line 59 in async_validate: Validating permissions...
[4.0434460639953613] 2019-04-14 11:51:03,780 - INFO - musicbot.bot | In bot.py::MainThread(8340), line 1022 in on_ready: Connected to Discord!
[4.0434460639953613] 2019-04-14 11:51:03,780 - INFO - musicbot.bot | In bot.py::MainThread(8340), line 1032 in on_ready: Bot:   566422253827391498/젠틀맨#5904 [BOT]
[4.0444431304931641] 2019-04-14 11:51:03,781 - INFO - musicbot.bot | In bot.py::MainThread(8340), line 1040 in on_ready: Owner: 491383382748692495/RATE#8605

[4.0444431304931641] 2019-04-14 11:51:03,781 - INFO - musicbot.bot | In bot.py::MainThread(8340), line 1043 in on_ready: Server List:
[4.0444431304931641] 2019-04-14 11:51:03,781 - INFO - musicbot.bot | In bot.py::MainThread(8340), line 1044 in <listcomp>:  - ㄹㅎ3
[4.0444431304931641] 2019-04-14 11:51:03,781 - INFO - musicbot.bot | In bot.py::MainThread(8340), line 1044 in <listcomp>:  - ㄹㅈ
[4.0454404354095459] 2019-04-14 11:51:03,782 - INFO - musicbot.bot | In bot.py::MainThread(8340), line 1044 in <listcomp>:  - fwwf
[4.0454404354095459] 2019-04-14 11:51:03,782 - INFO - musicbot.bot | In bot.py::MainThread(8340), line 1044 in <listcomp>:  - PSY 젠틀학회
[4.0454404354095459] 2019-04-14 11:51:03,782 - INFO - musicbot.bot | In bot.py::MainThread(8340), line 1088 in on_ready: Not bound to any text channels
[4.0454404354095459] 2019-04-14 11:51:03,782 - INFO - musicbot.bot | In bot.py::MainThread(8340), line 1114 in on_ready: Not autojoining any voice channels
[4.0454404354095459] 2019-04-14 11:51:03,782 - INFO - musicbot.bot | In bot.py::MainThread(8340), line 1118 in on_ready: Options:
[4.0464382171630859] 2019-04-14 11:51:03,783 - INFO - musicbot.bot | In bot.py::MainThread(8340), line 1120 in on_ready:   Command prefix: 뤼-
[4.0464382171630859] 2019-04-14 11:51:03,783 - INFO - musicbot.bot | In bot.py::MainThread(8340), line 1121 in on_ready:   Default volume: 25%
[4.0464382171630859] 2019-04-14 11:51:03,783 - INFO - musicbot.bot | In bot.py::MainThread(8340), line 1123 in on_ready:   Skip threshold: 4 votes or 50%
[4.0474362373352051] 2019-04-14 11:51:03,784 - INFO - musicbot.bot | In bot.py::MainThread(8340), line 1124 in on_ready:   Now Playing @mentions: Disabled
[4.0474362373352051] 2019-04-14 11:51:03,784 - INFO - musicbot.bot | In bot.py::MainThread(8340), line 1125 in on_ready:   Auto-Summon: Enabled
[4.0484330654144287] 2019-04-14 11:51:03,785 - INFO - musicbot.bot | In bot.py::MainThread(8340), line 1126 in on_ready:   Auto-Playlist: Disabled
[4.0484330654144287] 2019-04-14 11:51:03,785 - INFO - musicbot.bot | In bot.py::MainThread(8340), line 1127 in on_ready:   Auto-Pause: Enabled
[4.0484330654144287] 2019-04-14 11:51:03,785 - INFO - musicbot.bot | In bot.py::MainThread(8340), line 1128 in on_ready:   Delete Messages: Enabled
[4.0494303703308105] 2019-04-14 11:51:03,786 - INFO - musicbot.bot | In bot.py::MainThread(8340), line 1130 in on_ready:     Delete Invoking: Disabled
[4.0494303703308105] 2019-04-14 11:51:03,786 - INFO - musicbot.bot | In bot.py::MainThread(8340), line 1131 in on_ready:   Debug Mode: Disabled
[4.0494303703308105] 2019-04-14 11:51:03,786 - INFO - musicbot.bot | In bot.py::MainThread(8340), line 1132 in on_ready:   Downloaded songs will be saved
[4.0504276752471924] 2019-04-14 11:51:03,787 - INFO - musicbot.bot | In bot.py::MainThread(8340), line 258 in _join_startup_channels: Found owner in "노동요다 마뤼야"
[4.0504276752471924] 2019-04-14 11:51:03,787 - INFO - musicbot.bot | In bot.py::MainThread(8340), line 267 in _join_startup_channels: Attempting to join PSY 젠틀학회/노동요다 마뤼야
[4.0514252185821533] 2019-04-14 11:51:03,788 - DEBUG - musicbot.bot | In bot.py::MainThread(8340), line 437 in get_voice_client: Connection attempt 1 to 노동요다 마뤼야
[4.0514252185821533] 2019-04-14 11:51:03,788 - VOICEDEBUG - musicbot.bot | In bot.py::MainThread(8340), line 376 in join_voice_channel: (join_voice_channel) creating futures
[4.0514252185821533] 2019-04-14 11:51:03,788 - VOICEDEBUG - musicbot.bot | In bot.py::MainThread(8340), line 382 in join_voice_channel: (join_voice_channel) setting voice state
[4.0514252185821533] 2019-04-14 11:51:03,788 - VOICEDEBUG - musicbot.bot | In bot.py::MainThread(8340), line 385 in join_voice_channel: (join_voice_channel) waiting for session id
[4.2478992938995361] 2019-04-14 11:51:03,985 - VOICEDEBUG - musicbot.bot | In bot.py::MainThread(8340), line 2564 in on_voice_state_update: Voice state update for 566422253827391498/젠틀맨#5904 on PSY 젠틀학회/노동요다 마뤼야 -> [JOIN, CONNECT]
[4.2478992938995361] 2019-04-14 11:51:03,985 - INFO - musicbot.bot | In bot.py::MainThread(8340), line 2575 in on_voice_state_update: 566422253827391498/젠틀맨#5904 has joined PSY 젠틀학회/노동요다 마뤼야
[4.2488965988159180] 2019-04-14 11:51:03,986 - VOICEDEBUG - musicbot.bot | In bot.py::MainThread(8340), line 389 in join_voice_channel: (join_voice_channel) waiting for voice data
[4.5788590908050537] 2019-04-14 11:51:04,316 - VOICEDEBUG - musicbot.bot | In bot.py::MainThread(8340), line 403 in join_voice_channel: (join_voice_channel) connecting...
[5.0598745346069336] 2019-04-14 11:51:04,797 - VOICEDEBUG - musicbot.bot | In bot.py::MainThread(8340), line 415 in join_voice_channel: (join_voice_channel) connection successful
[5.0598745346069336] 2019-04-14 11:51:04,797 - DEBUG - musicbot.bot | In bot.py::MainThread(8340), line 463 in get_voice_client: Connected in 1.0s
[5.0598745346069336] 2019-04-14 11:51:04,797 - INFO - musicbot.bot | In bot.py::MainThread(8340), line 464 in get_voice_client: Connected to PSY 젠틀학회/노동요다 마뤼야
[5.0608713626861572] 2019-04-14 11:51:04,798 - DEBUG - musicbot.bot | In bot.py::MainThread(8340), line 805 in deserialize_queue: Deserializing queue for 566619507687161863
[5.1546435356140137] 2019-04-14 11:51:04,892 - DEBUG - musicbot.bot | In bot.py::MainThread(8340), line 555 in get_player: Created player via deserialization for server 566619507687161863 with 1 entries
[5.1546435356140137] 2019-04-14 11:51:04,892 - INFO - musicbot.bot | In bot.py::MainThread(8340), line 283 in _join_startup_channels: Joined PSY 젠틀학회/노동요다 마뤼야
[5.1546435356140137] 2019-04-14 11:51:04,892 - VOICEDEBUG - musicbot.player | In player.py::MainThread(8340), line 311 in websocket_check: Starting websocket check loop for PSY 젠틀학회
[5.1556181907653809] 2019-04-14 11:51:04,893 - FFMPEG - musicbot.player | In player.py::MainThread(8340), line 268 in _play: Creating player with options: -nostdin -vn audio_cache\youtube-wA0UQ1bAu8k-6.webm
[5.1576130390167236] 2019-04-14 11:51:04,895 - DEBUG - musicbot.bot | In bot.py::MainThread(8340), line 781 in serialize_queue: Serializing queue for 566619507687161863
[108.0750858783721924] 2019-04-14 11:52:47,812 - VOICEDEBUG - musicbot.bot | In bot.py::MainThread(8340), line 2564 in on_voice_state_update: Voice state update for 386156022642769922/소니쿠#8867 on PSY 젠틀학회/노동요다 마뤼야 -> [JOIN, CONNECT, MUTE]
[108.0750858783721924] 2019-04-14 11:52:47,812 - INFO - musicbot.bot | In bot.py::MainThread(8340), line 2575 in on_voice_state_update: 386156022642769922/소니쿠#8867 has joined PSY 젠틀학회/노동요다 마뤼야
[152.8171164989471436] 2019-04-14 11:53:32,554 - INFO - musicbot.bot | In bot.py::MainThread(8340), line 2395 in on_message: 386156022642769922/소니쿠#8867: 뤼-help
[231.8525125980377197] 2019-04-14 11:54:51,589 - INFO - musicbot.bot | In bot.py::MainThread(8340), line 2395 in on_message: 491383382748692495/RATE#8605: 뤼-help
[317.2415325641632080] 2019-04-14 11:56:16,978 - VOICEDEBUG - musicbot.bot | In bot.py::MainThread(8340), line 2564 in on_voice_state_update: Voice state update for 386156022642769922/소니쿠#8867 on PSY 젠틀학회/젠틀요다 마뤼야 -> [DEAFEN]
